[    6660ms] [INFO] %cDownload the React DevTools for a better development experience: https://react.dev/link/react-devtools font-weight:bold @ http://localhost:3000/_next/static/chunks/0eix_next_dist_0vbllqn._.js:2431
[   15568ms] [LOG] [HMR] connected @ http://localhost:3000/_next/static/chunks/0eix_next_dist_0vbllqn._.js:2431
[   16180ms] [LOG] [Fast Refresh] rebuilding @ http://localhost:3000/_next/static/chunks/0eix_next_dist_0vbllqn._.js:2431
[   16618ms] [ERROR] Base UI: A component that acts as a button expected a native <button> because the `nativeButton` prop is true. Rendering a non-<button> removes native button semantics, which can impact forms and accessibility. Use a real <button> in the `render` prop, or set `nativeButton` to `false`.
    at Button (http://localhost:3000/_next/static/chunks/todolisit_src_0q.1b4o._.js:217:227)
    at Header (http://localhost:3000/_next/static/chunks/todolisit_src_0q.1b4o._.js:771:240)
    at Home (http://localhost:3000/_next/static/chunks/todolisit_src_0q.1b4o._.js:3196:228)
    at ClientPageRoot (http://localhost:3000/_next/static/chunks/0eix_00vrun_._.js:6679:50) @ http://localhost:3000/_next/static/chunks/0eix_next_dist_0vbllqn._.js:3272
[   16621ms] [ERROR] Base UI: A component that acts as a button expected a native <button> because the `nativeButton` prop is true. Rendering a non-<button> removes native button semantics, which can impact forms and accessibility. Use a real <button> in the `render` prop, or set `nativeButton` to `false`.
    at Button (http://localhost:3000/_next/static/chunks/todolisit_src_0q.1b4o._.js:217:227)
    at Header (http://localhost:3000/_next/static/chunks/todolisit_src_0q.1b4o._.js:796:240)
    at Home (http://localhost:3000/_next/static/chunks/todolisit_src_0q.1b4o._.js:3196:228)
    at ClientPageRoot (http://localhost:3000/_next/static/chunks/0eix_00vrun_._.js:6679:50) @ http://localhost:3000/_next/static/chunks/0eix_next_dist_0vbllqn._.js:3272
[   16966ms] [LOG] [Fast Refresh] done in 935ms @ http://localhost:3000/_next/static/chunks/0eix_next_dist_0vbllqn._.js:2431
[   17147ms] [LOG] [Fast Refresh] rebuilding @ http://localhost:3000/_next/static/chunks/0eix_next_dist_0vbllqn._.js:2431
[   21689ms] TypeError: tasks.filter is not a function
    at Home (http://localhost:3000/_next/static/chunks/todolisit_src_0q.1b4o._.js:3191:32)
    at Object.react_stack_bottom_frame (http://localhost:3000/_next/static/chunks/0eix_next_dist_compiled_react-dom_08.k8.c._.js:15037:24)
    at renderWithHooks (http://localhost:3000/_next/static/chunks/0eix_next_dist_compiled_react-dom_08.k8.c._.js:4620:24)
    at updateFunctionComponent (http://localhost:3000/_next/static/chunks/0eix_next_dist_compiled_react-dom_08.k8.c._.js:6081:21)
    at beginWork (http://localhost:3000/_next/static/chunks/0eix_next_dist_compiled_react-dom_08.k8.c._.js:6691:24)
    at runWithFiberInDEV (http://localhost:3000/_next/static/chunks/0eix_next_dist_compiled_react-dom_08.k8.c._.js:965:74)
    at performUnitOfWork (http://localhost:3000/_next/static/chunks/0eix_next_dist_compiled_react-dom_08.k8.c._.js:9555:97)
    at workLoopSync (http://localhost:3000/_next/static/chunks/0eix_next_dist_compiled_react-dom_08.k8.c._.js:9449:40)
    at renderRootSync (http://localhost:3000/_next/static/chunks/0eix_next_dist_compiled_react-dom_08.k8.c._.js:9433:13)
    at performWorkOnRoot (http://localhost:3000/_next/static/chunks/0eix_next_dist_compiled_react-dom_08.k8.c._.js:9098:47)
    at performWorkOnRootViaSchedulerTask (http://localhost:3000/_next/static/chunks/0eix_next_dist_compiled_react-dom_08.k8.c._.js:10255:9)
    at MessagePort.performWorkUntilDeadline (http://localhost:3000/_next/static/chunks/0eix_next_dist_compiled_06kmk3b._.js:2647:64)
[   21894ms] [LOG] [Fast Refresh] done in 4847ms @ http://localhost:3000/_next/static/chunks/0eix_next_dist_0vbllqn._.js:2431
[   22098ms] [LOG] [Fast Refresh] rebuilding @ http://localhost:3000/_next/static/chunks/0eix_next_dist_0vbllqn._.js:2431
[   22420ms] [LOG] [Fast Refresh] done in 423ms @ http://localhost:3000/_next/static/chunks/0eix_next_dist_0vbllqn._.js:2431
[   99932ms] [LOG] [Fast Refresh] rebuilding @ http://localhost:3000/_next/static/chunks/0eix_next_dist_0vbllqn._.js:2431
[  101197ms] [LOG] [Fast Refresh] done in 1377ms @ http://localhost:3000/_next/static/chunks/0eix_next_dist_0vbllqn._.js:2431
[  196275ms] [LOG] [Fast Refresh] rebuilding @ http://localhost:3000/_next/static/chunks/0eix_next_dist_0vbllqn._.js:2431
[  196390ms] [LOG] [Fast Refresh] done in 227ms @ http://localhost:3000/_next/static/chunks/0eix_next_dist_0vbllqn._.js:2431
[  196907ms] [LOG] [Fast Refresh] rebuilding @ http://localhost:3000/_next/static/chunks/0eix_next_dist_0vbllqn._.js:2431
[  197039ms] [LOG] [Fast Refresh] done in 235ms @ http://localhost:3000/_next/static/chunks/0eix_next_dist_0vbllqn._.js:2431
[  245054ms] [LOG] [Fast Refresh] rebuilding @ http://localhost:3000/_next/static/chunks/0eix_next_dist_0vbllqn._.js:2431
[  246818ms] [WARNING] [Fast Refresh] performing full reload because your application had an unrecoverable error @ http://localhost:3000/_next/static/chunks/0eix_next_dist_0vbllqn._.js:2431
[  247112ms] [WARNING] [Fast Refresh] performing full reload because your application had an unrecoverable error @ http://localhost:3000/_next/static/chunks/0eix_next_dist_0vbllqn._.js:2431
[  247115ms] [LOG] [Fast Refresh] done in 2161ms @ http://localhost:3000/_next/static/chunks/0eix_next_dist_0vbllqn._.js:2431
[  247978ms] [INFO] %cDownload the React DevTools for a better development experience: https://react.dev/link/react-devtools font-weight:bold @ http://localhost:3000/_next/static/chunks/0eix_next_dist_0vbllqn._.js:2431
[  248068ms] [LOG] [HMR] connected @ http://localhost:3000/_next/static/chunks/0eix_next_dist_0vbllqn._.js:2431
[  248651ms] TypeError: categories.map is not a function
    at FilterBar (http://localhost:3000/_next/static/chunks/todolisit_src_0q.1b4o._.js:3025:48)
    at Object.react_stack_bottom_frame (http://localhost:3000/_next/static/chunks/0eix_next_dist_compiled_react-dom_08.k8.c._.js:15037:24)
    at renderWithHooks (http://localhost:3000/_next/static/chunks/0eix_next_dist_compiled_react-dom_08.k8.c._.js:4620:24)
    at updateFunctionComponent (http://localhost:3000/_next/static/chunks/0eix_next_dist_compiled_react-dom_08.k8.c._.js:6081:21)
    at beginWork (http://localhost:3000/_next/static/chunks/0eix_next_dist_compiled_react-dom_08.k8.c._.js:6691:24)
    at runWithFiberInDEV (http://localhost:3000/_next/static/chunks/0eix_next_dist_compiled_react-dom_08.k8.c._.js:965:74)
    at performUnitOfWork (http://localhost:3000/_next/static/chunks/0eix_next_dist_compiled_react-dom_08.k8.c._.js:9555:97)
    at workLoopSync (http://localhost:3000/_next/static/chunks/0eix_next_dist_compiled_react-dom_08.k8.c._.js:9449:40)
    at renderRootSync (http://localhost:3000/_next/static/chunks/0eix_next_dist_compiled_react-dom_08.k8.c._.js:9433:13)
    at performWorkOnRoot (http://localhost:3000/_next/static/chunks/0eix_next_dist_compiled_react-dom_08.k8.c._.js:9098:47)
    at performWorkOnRootViaSchedulerTask (http://localhost:3000/_next/static/chunks/0eix_next_dist_compiled_react-dom_08.k8.c._.js:10255:9)
    at MessagePort.performWorkUntilDeadline (http://localhost:3000/_next/static/chunks/0eix_next_dist_compiled_06kmk3b._.js:2647:64)
[  250275ms] [LOG] [Fast Refresh] rebuilding @ http://localhost:3000/_next/static/chunks/0eix_next_dist_0vbllqn._.js:2431
[  250509ms] [WARNING] [Fast Refresh] performing full reload because your application had an unrecoverable error @ http://localhost:3000/_next/static/chunks/0eix_next_dist_0vbllqn._.js:2431
[  250749ms] [LOG] [Fast Refresh] done in 333ms @ http://localhost:3000/_next/static/chunks/0eix_next_dist_0vbllqn._.js:2431
[  250967ms] [LOG] [Fast Refresh] rebuilding @ http://localhost:3000/_next/static/chunks/0eix_next_dist_0vbllqn._.js:2431
[  251013ms] [LOG] [Fast Refresh] done in 147ms @ http://localhost:3000/_next/static/chunks/0eix_next_dist_0vbllqn._.js:2431
[  251324ms] [INFO] %cDownload the React DevTools for a better development experience: https://react.dev/link/react-devtools font-weight:bold @ http://localhost:3000/_next/static/chunks/0eix_next_dist_0vbllqn._.js:2431
[  251921ms] [LOG] [HMR] connected @ http://localhost:3000/_next/static/chunks/0eix_next_dist_0vbllqn._.js:2431
[  252048ms] [LOG] [Fast Refresh] rebuilding @ http://localhost:3000/_next/static/chunks/0eix_next_dist_0vbllqn._.js:2431
[  252084ms] [LOG] [Fast Refresh] done in 143ms @ http://localhost:3000/_next/static/chunks/0eix_next_dist_0vbllqn._.js:2431
[  252384ms] TypeError: categories.map is not a function
    at FilterBar (http://localhost:3000/_next/static/chunks/todolisit_src_0q.1b4o._.js:3025:48)
    at Object.react_stack_bottom_frame (http://localhost:3000/_next/static/chunks/0eix_next_dist_compiled_react-dom_08.k8.c._.js:15037:24)
    at renderWithHooks (http://localhost:3000/_next/static/chunks/0eix_next_dist_compiled_react-dom_08.k8.c._.js:4620:24)
    at updateFunctionComponent (http://localhost:3000/_next/static/chunks/0eix_next_dist_compiled_react-dom_08.k8.c._.js:6081:21)
    at beginWork (http://localhost:3000/_next/static/chunks/0eix_next_dist_compiled_react-dom_08.k8.c._.js:6691:24)
    at runWithFiberInDEV (http://localhost:3000/_next/static/chunks/0eix_next_dist_compiled_react-dom_08.k8.c._.js:965:74)
    at performUnitOfWork (http://localhost:3000/_next/static/chunks/0eix_next_dist_compiled_react-dom_08.k8.c._.js:9555:97)
    at workLoopSync (http://localhost:3000/_next/static/chunks/0eix_next_dist_compiled_react-dom_08.k8.c._.js:9449:40)
    at renderRootSync (http://localhost:3000/_next/static/chunks/0eix_next_dist_compiled_react-dom_08.k8.c._.js:9433:13)
    at performWorkOnRoot (http://localhost:3000/_next/static/chunks/0eix_next_dist_compiled_react-dom_08.k8.c._.js:9098:47)
    at performWorkOnRootViaSchedulerTask (http://localhost:3000/_next/static/chunks/0eix_next_dist_compiled_react-dom_08.k8.c._.js:10255:9)
    at MessagePort.performWorkUntilDeadline (http://localhost:3000/_next/static/chunks/0eix_next_dist_compiled_06kmk3b._.js:2647:64)
[  293939ms] [ERROR] WebSocket connection to 'ws://localhost:3000/_next/webpack-hmr?id=SEr3Y9j7R_-3LjvenBrVu' failed: Error in connection establishment: net::ERR_CONNECTION_REFUSED @ http://localhost:3000/_next/static/chunks/0eix_next_dist_client_0-25vx7._.js:13299
[  296018ms] [LOG] [HMR] connected @ http://localhost:3000/_next/static/chunks/0eix_next_dist_0vbllqn._.js:2431
[  297989ms] [INFO] %cDownload the React DevTools for a better development experience: https://react.dev/link/react-devtools font-weight:bold @ http://localhost:3000/_next/static/chunks/0eix_next_dist_0vbllqn._.js:2431
[  298610ms] [LOG] [HMR] connected @ http://localhost:3000/_next/static/chunks/0eix_next_dist_0vbllqn._.js:2431
[  299034ms] [LOG] [Fast Refresh] rebuilding @ http://localhost:3000/_next/static/chunks/0eix_next_dist_0vbllqn._.js:2431
[  300451ms] [LOG] [Fast Refresh] done in 1514ms @ http://localhost:3000/_next/static/chunks/0eix_next_dist_0vbllqn._.js:2431
[  300600ms] TypeError: categories.map is not a function
    at FilterBar (http://localhost:3000/_next/static/chunks/todolisit_src_0q.1b4o._.js:3025:48)
    at Object.react_stack_bottom_frame (http://localhost:3000/_next/static/chunks/0eix_next_dist_compiled_react-dom_08.k8.c._.js:15037:24)
    at renderWithHooks (http://localhost:3000/_next/static/chunks/0eix_next_dist_compiled_react-dom_08.k8.c._.js:4620:24)
    at updateFunctionComponent (http://localhost:3000/_next/static/chunks/0eix_next_dist_compiled_react-dom_08.k8.c._.js:6081:21)
    at beginWork (http://localhost:3000/_next/static/chunks/0eix_next_dist_compiled_react-dom_08.k8.c._.js:6691:24)
    at runWithFiberInDEV (http://localhost:3000/_next/static/chunks/0eix_next_dist_compiled_react-dom_08.k8.c._.js:965:74)
    at performUnitOfWork (http://localhost:3000/_next/static/chunks/0eix_next_dist_compiled_react-dom_08.k8.c._.js:9555:97)
    at workLoopSync (http://localhost:3000/_next/static/chunks/0eix_next_dist_compiled_react-dom_08.k8.c._.js:9449:40)
    at renderRootSync (http://localhost:3000/_next/static/chunks/0eix_next_dist_compiled_react-dom_08.k8.c._.js:9433:13)
    at performWorkOnRoot (http://localhost:3000/_next/static/chunks/0eix_next_dist_compiled_react-dom_08.k8.c._.js:9098:47)
    at performWorkOnRootViaSchedulerTask (http://localhost:3000/_next/static/chunks/0eix_next_dist_compiled_react-dom_08.k8.c._.js:10255:9)
    at MessagePort.performWorkUntilDeadline (http://localhost:3000/_next/static/chunks/0eix_next_dist_compiled_06kmk3b._.js:2647:64)
[  300809ms] [LOG] [Fast Refresh] rebuilding @ http://localhost:3000/_next/static/chunks/0eix_next_dist_0vbllqn._.js:2431
[  301262ms] [LOG] [Fast Refresh] done in 568ms @ http://localhost:3000/_next/static/chunks/0eix_next_dist_0vbllqn._.js:2431
